#
# There is insufficient memory for the Java Runtime Environment to continue.
# Native memory allocation (malloc) failed to allocate 32744 bytes for ChunkPool::allocate
# Possible reasons:
#   The system is out of physical RAM or swap space
#   The process is running with CompressedOops enabled, and the Java Heap may be blocking the growth of the native heap
# Possible solutions:
#   Reduce memory load on the system
#   Increase physical memory or swap space
#   Check if swap backing store is full
#   Decrease Java heap size (-Xmx/-Xms)
#   Decrease number of Java threads
#   Decrease Java thread stack sizes (-Xss)
#   Set larger code cache with -XX:ReservedCodeCacheSize=
#   JVM is running with Unscaled Compressed Oops mode in which the Java heap is
#     placed in the first 4GB address space. The Java Heap base address is the
#     maximum limit for the native heap growth. Please use -XX:HeapBaseMinAddress
#     to set the Java Heap base and to place the Java Heap above 4GB virtual address.
# This output file may be truncated or incomplete.
#
#  Out of Memory Error (./src/hotspot/share/memory/arena.cpp:81), pid=1460, tid=532
#
# JRE version: OpenJDK Runtime Environment (11.0.12+7) (build 11.0.12+7-b1504.28-7817840)
# Java VM: OpenJDK 64-Bit Server VM (11.0.12+7-b1504.28-7817840, mixed mode, tiered, compressed oops, g1 gc, windows-amd64)
# No core dump will be written. Minidumps are not enabled by default on client versions of Windows
#

---------------  S U M M A R Y ------------

Command Line: --add-opens=java.base/java.util=ALL-UNNAMED --add-opens=java.base/java.lang=ALL-UNNAMED --add-opens=java.base/java.lang.invoke=ALL-UNNAMED --add-opens=java.base/java.util=ALL-UNNAMED --add-opens=java.prefs/java.util.prefs=ALL-UNNAMED --add-opens=java.prefs/java.util.prefs=ALL-UNNAMED --add-opens=java.base/java.nio.charset=ALL-UNNAMED --add-opens=java.base/java.net=ALL-UNNAMED --add-opens=java.base/java.util.concurrent.atomic=ALL-UNNAMED -Xmx2048m -Dfile.encoding=UTF-8 -Duser.country=US -Duser.language=en -Duser.variant org.gradle.launcher.daemon.bootstrap.GradleDaemon 7.3.3

Host: Intel(R) Core(TM) i5-4300U CPU @ 1.90GHz, 4 cores, 7G,  Windows 10 , 64 bit Build 19041 (10.0.19041.1889)
Time: Mon Oct 24 10:35:31 2022 E. Africa Standard Time elapsed time: 81.786103 seconds (0d 0h 1m 21s)

---------------  T H R E A D  ---------------

Current thread (0x000001c75e063800):  JavaThread "C2 CompilerThread0" daemon [_thread_in_native, id=532, stack(0x0000001851000000,0x0000001851100000)]


Current CompileTask:
C2:  81786 13268   !   4       org.gradle.internal.service.DefaultServiceRegistry$ManagedObjectServiceProvider::getInstance (47 bytes)

Stack: [0x0000001851000000,0x0000001851100000]
Native frames: (J=compiled Java code, j=interpreted, Vv=VM code, C=native code)
V  [jvm.dll+0x5fbcea]
V  [jvm.dll+0x731905]
V  [jvm.dll+0x732f1d]
V  [jvm.dll+0x7335d3]
V  [jvm.dll+0x247bf8]
V  [jvm.dll+0xc041b]
V  [jvm.dll+0xc06cc]
V  [jvm.dll+0x5d9d05]
V  [jvm.dll+0x33a8c0]
V  [jvm.dll+0x6109a7]
V  [jvm.dll+0x60e4d5]
V  [jvm.dll+0x18addc]
V  [jvm.dll+0x2bbcef]
V  [jvm.dll+0x619065]
V  [jvm.dll+0x610dea]
V  [jvm.dll+0x610453]
V  [jvm.dll+0x60e4a2]
V  [jvm.dll+0x18addc]
V  [jvm.dll+0x2bbcef]
V  [jvm.dll+0x619065]
V  [jvm.dll+0x610dea]
V  [jvm.dll+0x610453]
V  [jvm.dll+0x60e4a2]
V  [jvm.dll+0x18addc]
V  [jvm.dll+0x2bbcef]
V  [jvm.dll+0x619065]
V  [jvm.dll+0x610dea]
V  [jvm.dll+0x610453]
V  [jvm.dll+0x60e4a2]
V  [jvm.dll+0x18addc]
V  [jvm.dll+0x2bbcef]
V  [jvm.dll+0x619065]
V  [jvm.dll+0x610dea]
V  [jvm.dll+0x610453]
V  [jvm.dll+0x60e4a2]
V  [jvm.dll+0x18addc]
V  [jvm.dll+0x1ff4b5]
V  [jvm.dll+0x18868c]
V  [jvm.dll+0x20e0d7]
V  [jvm.dll+0x20c901]
V  [jvm.dll+0x6f9b7f]
V  [jvm.dll+0x6f26a5]
V  [jvm.dll+0x5fabf6]
C  [ucrtbase.dll+0x21bb2]
C  [KERNEL32.DLL+0x17034]
C  [ntdll.dll+0x526a1]


---------------  P R O C E S S  ---------------

Threads class SMR info:
_java_thread_list=0x000001c765d29040, length=46, elements={
0x000001c74444e800, 0x000001c75e03f000, 0x000001c75e04a800, 0x000001c75e9d2800,
0x000001c75e05e000, 0x000001c75e05f800, 0x000001c75e063800, 0x000001c75e08a800,
0x000001c75ea1b800, 0x000001c75eb0a800, 0x000001c75ff0c000, 0x000001c75f6ad800,
0x000001c7602fd000, 0x000001c7603e9000, 0x000001c7600a8000, 0x000001c760a29800,
0x000001c760a28800, 0x000001c760a2b000, 0x000001c760a2d800, 0x000001c760a28000,
0x000001c762844800, 0x000001c762842000, 0x000001c762845000, 0x000001c762847800,
0x000001c76284b800, 0x000001c761e38800, 0x000001c761e39000, 0x000001c768ee2800,
0x000001c768ee4000, 0x000001c768ee5000, 0x000001c768ee6000, 0x000001c768ee7800,
0x000001c768edd800, 0x000001c768ee8000, 0x000001c761e3a000, 0x000001c761e2c000,
0x000001c761e2e800, 0x000001c761e2e000, 0x000001c761e2b800, 0x000001c761e31000,
0x000001c761e2f800, 0x000001c761e30000, 0x000001c761e32000, 0x000001c761e32800,
0x000001c761e2d000, 0x000001c761e37800
}

Java Threads: ( => current thread )
  0x000001c74444e800 JavaThread "main" [_thread_blocked, id=11892, stack(0x0000001850400000,0x0000001850500000)]
  0x000001c75e03f000 JavaThread "Reference Handler" daemon [_thread_blocked, id=19604, stack(0x0000001850b00000,0x0000001850c00000)]
  0x000001c75e04a800 JavaThread "Finalizer" daemon [_thread_blocked, id=19140, stack(0x0000001850c00000,0x0000001850d00000)]
  0x000001c75e9d2800 JavaThread "Signal Dispatcher" daemon [_thread_blocked, id=20036, stack(0x0000001850d00000,0x0000001850e00000)]
  0x000001c75e05e000 JavaThread "Attach Listener" daemon [_thread_blocked, id=19184, stack(0x0000001850e00000,0x0000001850f00000)]
  0x000001c75e05f800 JavaThread "Service Thread" daemon [_thread_blocked, id=1072, stack(0x0000001850f00000,0x0000001851000000)]
=>0x000001c75e063800 JavaThread "C2 CompilerThread0" daemon [_thread_in_native, id=532, stack(0x0000001851000000,0x0000001851100000)]
  0x000001c75e08a800 JavaThread "C1 CompilerThread0" daemon [_thread_blocked, id=9432, stack(0x0000001851100000,0x0000001851200000)]
  0x000001c75ea1b800 JavaThread "Sweeper thread" daemon [_thread_blocked, id=16520, stack(0x0000001851200000,0x0000001851300000)]
  0x000001c75eb0a800 JavaThread "Common-Cleaner" daemon [_thread_blocked, id=5088, stack(0x0000001851300000,0x0000001851400000)]
  0x000001c75ff0c000 JavaThread "Daemon health stats" [_thread_blocked, id=3940, stack(0x0000001851800000,0x0000001851900000)]
  0x000001c75f6ad800 JavaThread "Incoming local TCP Connector on port 58308" [_thread_in_native, id=6568, stack(0x0000001851500000,0x0000001851600000)]
  0x000001c7602fd000 JavaThread "Daemon periodic checks" [_thread_blocked, id=11284, stack(0x0000001851900000,0x0000001851a00000)]
  0x000001c7603e9000 JavaThread "Daemon" [_thread_blocked, id=3248, stack(0x0000001851a00000,0x0000001851b00000)]
  0x000001c7600a8000 JavaThread "Daemon worker" [_thread_in_native, id=10764, stack(0x0000001851d00000,0x0000001851e00000)]
  0x000001c760a29800 JavaThread "Cache worker for journal cache (C:\Users\PC\.gradle\caches\journal-1)" [_thread_blocked, id=10036, stack(0x0000001852200000,0x0000001852300000)]
  0x000001c760a28800 JavaThread "File lock request listener" [_thread_in_native, id=244, stack(0x0000001852300000,0x0000001852400000)]
  0x000001c760a2b000 JavaThread "Cache worker for file hash cache (C:\Users\PC\.gradle\caches\7.3.3\fileHashes)" [_thread_blocked, id=12624, stack(0x0000001852400000,0x0000001852500000)]
  0x000001c760a2d800 JavaThread "File watcher server" daemon [_thread_in_native, id=19868, stack(0x0000001852700000,0x0000001852800000)]
  0x000001c760a28000 JavaThread "File watcher consumer" daemon [_thread_blocked, id=1804, stack(0x0000001852800000,0x0000001852900000)]
  0x000001c762844800 JavaThread "Cache worker for execution history cache (C:\Users\PC\.gradle\caches\7.3.3\executionHistory)" [_thread_blocked, id=5080, stack(0x0000001852b00000,0x0000001852c00000)]
  0x000001c762842000 JavaThread "jar transforms" [_thread_blocked, id=20216, stack(0x0000001852d00000,0x0000001852e00000)]
  0x000001c762845000 JavaThread "Cache worker for file content cache (C:\Users\PC\.gradle\caches\7.3.3\fileContent)" [_thread_blocked, id=1788, stack(0x0000001852e00000,0x0000001852f00000)]
  0x000001c762847800 JavaThread "jar transforms Thread 2" [_thread_blocked, id=7852, stack(0x0000001852f00000,0x0000001853000000)]
  0x000001c76284b800 JavaThread "jar transforms Thread 3" [_thread_blocked, id=15296, stack(0x0000001853100000,0x0000001853200000)]
  0x000001c761e38800 JavaThread "jar transforms Thread 4" [_thread_blocked, id=17172, stack(0x0000001855b00000,0x0000001855c00000)]
  0x000001c761e39000 JavaThread "Memory manager" [_thread_blocked, id=6688, stack(0x0000001855c00000,0x0000001855d00000)]
  0x000001c768ee2800 JavaThread "RMI Scheduler(0)" daemon [_thread_blocked, id=19148, stack(0x0000001855a00000,0x0000001855b00000)]
  0x000001c768ee4000 JavaThread "RMI GC Daemon" daemon [_thread_blocked, id=18096, stack(0x0000001856c00000,0x0000001856d00000)]
  0x000001c768ee5000 JavaThread "RMI TCP Accept-0" daemon [_thread_in_native, id=17992, stack(0x0000001856d00000,0x0000001856e00000)]
  0x000001c768ee6000 JavaThread "RMI Reaper" [_thread_blocked, id=18100, stack(0x0000001856e00000,0x0000001856f00000)]
  0x000001c768ee7800 JavaThread "RMI TCP Connection(idle)" daemon [_thread_blocked, id=17308, stack(0x0000001857000000,0x0000001857100000)]
  0x000001c768edd800 JavaThread "ForkJoinPool.commonPool-worker-3" daemon [_thread_blocked, id=11584, stack(0x0000001856b00000,0x0000001856c00000)]
  0x000001c768ee8000 JavaThread "ForkJoinPool.commonPool-worker-5" daemon [_thread_blocked, id=12616, stack(0x0000001857100000,0x0000001857200000)]
  0x000001c761e3a000 JavaThread "ForkJoinPool.commonPool-worker-7" daemon [_thread_blocked, id=7764, stack(0x0000001857200000,0x0000001857300000)]
  0x000001c761e2c000 JavaThread "Handler for socket connection from /127.0.0.1:58308 to /127.0.0.1:58389" [_thread_in_native, id=18300, stack(0x0000001850200000,0x0000001850300000)]
  0x000001c761e2e800 JavaThread "Cancel handler" [_thread_blocked, id=15400, stack(0x0000001851b00000,0x0000001851c00000)]
  0x000001c761e2e000 JavaThread "Asynchronous log dispatcher for DefaultDaemonConnection: socket connection from /127.0.0.1:58308 to /127.0.0.1:58389" [_thread_blocked, id=7880, stack(0x0000001851c00000,0x0000001851d00000)]
  0x000001c761e2b800 JavaThread "Stdin handler" [_thread_blocked, id=8580, stack(0x0000001851e00000,0x0000001851f00000)]
  0x000001c761e31000 JavaThread "Daemon client event forwarder" [_thread_blocked, id=16732, stack(0x0000001851f00000,0x0000001852000000)]
  0x000001c761e2f800 JavaThread "Cache worker for file hash cache (C:\Users\PC\AndroidStudioProjects\Foodly\.gradle\7.3.3\fileHashes)" [_thread_blocked, id=19372, stack(0x0000001852000000,0x0000001852100000)]
  0x000001c761e30000 JavaThread "Cache worker for checksums cache (C:\Users\PC\AndroidStudioProjects\Foodly\.gradle\7.3.3\checksums)" [_thread_blocked, id=13880, stack(0x0000001852500000,0x0000001852600000)]
  0x000001c761e32000 JavaThread "Cache worker for cache directory md-supplier (C:\Users\PC\.gradle\caches\7.3.3\md-supplier)" [_thread_blocked, id=6952, stack(0x0000001852600000,0x0000001852700000)]
  0x000001c761e32800 JavaThread "Cache worker for cache directory md-rule (C:\Users\PC\.gradle\caches\7.3.3\md-rule)" [_thread_blocked, id=18588, stack(0x0000001852900000,0x0000001852a00000)]
  0x000001c761e2d000 JavaThread "Cache worker for dependencies-accessors (C:\Users\PC\AndroidStudioProjects\Foodly\.gradle\7.3.3\dependencies-accessors)" [_thread_blocked, id=10436, stack(0x0000001852a00000,0x0000001852b00000)]
  0x000001c761e37800 JavaThread "Cache worker for Build Output Cleanup Cache (C:\Users\PC\AndroidStudioProjects\Foodly\.gradle\buildOutputCleanup)" [_thread_blocked, id=15556, stack(0x0000001852c00000,0x0000001852d00000)]

Other Threads:
  0x000001c75e03a800 VMThread "VM Thread" [stack: 0x0000001850a00000,0x0000001850b00000] [id=19424]
  0x000001c75eb0c000 WatcherThread [stack: 0x0000001851400000,0x0000001851500000] [id=6380]
  0x000001c744465000 GCTaskThread "GC Thread#0" [stack: 0x0000001850500000,0x0000001850600000] [id=18864]
  0x000001c75ed8d000 GCTaskThread "GC Thread#1" [stack: 0x0000001851600000,0x0000001851700000] [id=7980]
  0x000001c75eea2800 GCTaskThread "GC Thread#2" [stack: 0x0000001851700000,0x0000001851800000] [id=3792]
  0x000001c75f49d000 GCTaskThread "GC Thread#3" [stack: 0x0000001852100000,0x0000001852200000] [id=11088]
  0x000001c744498800 ConcurrentGCThread "G1 Main Marker" [stack: 0x0000001850600000,0x0000001850700000] [id=19616]
  0x000001c744499800 ConcurrentGCThread "G1 Conc#0" [stack: 0x0000001850700000,0x0000001850800000] [id=15720]
  0x000001c744527800 ConcurrentGCThread "G1 Refine#0" [stack: 0x0000001850800000,0x0000001850900000] [id=6248]
  0x000001c7682b4000 ConcurrentGCThread "G1 Refine#1" [stack: 0x0000001850100000,0x0000001850200000] [id=6976]
  0x000001c744528800 ConcurrentGCThread "G1 Young RemSet Sampling" [stack: 0x0000001850900000,0x0000001850a00000] [id=19132]

Threads with active compile tasks:
C2 CompilerThread0  81902 13268   !   4       org.gradle.internal.service.DefaultServiceRegistry$ManagedObjectServiceProvider::getInstance (47 bytes)

VM state:not at safepoint (normal execution)

VM Mutex/Monitor currently owned by a thread: None

Heap address: 0x0000000080000000, size: 2048 MB, Compressed Oops mode: 32-bit
Narrow klass base: 0x0000000000000000, Narrow klass shift: 3
Compressed class space size: 1073741824 Address: 0x0000000100000000

Heap:
 garbage-first heap   total 227328K, used 170089K [0x0000000080000000, 0x0000000100000000)
  region size 1024K, 24 young (24576K), 7 survivors (7168K)
 Metaspace       used 104574K, capacity 107079K, committed 107308K, reserved 1142784K
  class space    used 13416K, capacity 14384K, committed 14464K, reserved 1048576K
Heap Regions: E=young(eden), S=young(survivor), O=old, HS=humongous(starts), HC=humongous(continues), CS=collection set, F=free, A=archive, TAMS=top-at-mark-start (previous, next)
|   0|0x0000000080000000, 0x0000000080100000, 0x0000000080100000|100%| O|  |TAMS 0x0000000080100000, 0x0000000080000000| Untracked 
|   1|0x0000000080100000, 0x0000000080200000, 0x0000000080200000|100%| O|  |TAMS 0x0000000080200000, 0x0000000080100000| Untracked 
|   2|0x0000000080200000, 0x0000000080300000, 0x0000000080300000|100%| O|  |TAMS 0x0000000080300000, 0x0000000080200000| Untracked 
|   3|0x0000000080300000, 0x0000000080400000, 0x0000000080400000|100%|HS|  |TAMS 0x0000000080400000, 0x0000000080300000| Complete 
|   4|0x0000000080400000, 0x0000000080500000, 0x0000000080500000|100%|HC|  |TAMS 0x0000000080500000, 0x0000000080400000| Complete 
|   5|0x0000000080500000, 0x0000000080600000, 0x0000000080600000|100%|HC|  |TAMS 0x0000000080600000, 0x0000000080500000| Complete 
|   6|0x0000000080600000, 0x0000000080700000, 0x0000000080700000|100%| O|  |TAMS 0x0000000080700000, 0x0000000080600000| Untracked 
|   7|0x0000000080700000, 0x0000000080800000, 0x0000000080800000|100%| O|  |TAMS 0x0000000080800000, 0x0000000080700000| Untracked 
|   8|0x0000000080800000, 0x0000000080900000, 0x0000000080900000|100%| O|  |TAMS 0x0000000080900000, 0x0000000080800000| Untracked 
|   9|0x0000000080900000, 0x0000000080a00000, 0x0000000080a00000|100%| O|  |TAMS 0x0000000080a00000, 0x0000000080900000| Untracked 
|  10|0x0000000080a00000, 0x0000000080b00000, 0x0000000080b00000|100%| O|  |TAMS 0x0000000080b00000, 0x0000000080a00000| Untracked 
|  11|0x0000000080b00000, 0x0000000080c00000, 0x0000000080c00000|100%| O|  |TAMS 0x0000000080c00000, 0x0000000080b00000| Untracked 
|  12|0x0000000080c00000, 0x0000000080d00000, 0x0000000080d00000|100%| O|  |TAMS 0x0000000080d00000, 0x0000000080c00000| Untracked 
|  13|0x0000000080d00000, 0x0000000080e00000, 0x0000000080e00000|100%| O|  |TAMS 0x0000000080e00000, 0x0000000080d00000| Untracked 
|  14|0x0000000080e00000, 0x0000000080f00000, 0x0000000080f00000|100%| O|  |TAMS 0x0000000080f00000, 0x0000000080e00000| Untracked 
|  15|0x0000000080f00000, 0x0000000081000000, 0x0000000081000000|100%| O|  |TAMS 0x0000000081000000, 0x0000000080f00000| Untracked 
|  16|0x0000000081000000, 0x0000000081100000, 0x0000000081100000|100%|HS|  |TAMS 0x0000000081100000, 0x0000000081000000| Complete 
|  17|0x0000000081100000, 0x0000000081200000, 0x0000000081200000|100%| O|  |TAMS 0x0000000081200000, 0x0000000081100000| Untracked 
|  18|0x0000000081200000, 0x0000000081300000, 0x0000000081300000|100%| O|  |TAMS 0x0000000081300000, 0x0000000081200000| Untracked 
|  19|0x0000000081300000, 0x0000000081400000, 0x0000000081400000|100%| O|  |TAMS 0x0000000081400000, 0x0000000081300000| Untracked 
|  20|0x0000000081400000, 0x0000000081500000, 0x0000000081500000|100%| O|  |TAMS 0x0000000081500000, 0x0000000081400000| Untracked 
|  21|0x0000000081500000, 0x0000000081600000, 0x0000000081600000|100%| O|  |TAMS 0x0000000081600000, 0x0000000081500000| Untracked 
|  22|0x0000000081600000, 0x0000000081700000, 0x0000000081700000|100%| O|  |TAMS 0x0000000081700000, 0x0000000081600000| Untracked 
|  23|0x0000000081700000, 0x0000000081800000, 0x0000000081800000|100%| O|  |TAMS 0x0000000081800000, 0x0000000081700000| Untracked 
|  24|0x0000000081800000, 0x0000000081900000, 0x0000000081900000|100%| O|  |TAMS 0x0000000081900000, 0x0000000081800000| Untracked 
|  25|0x0000000081900000, 0x0000000081a00000, 0x0000000081a00000|100%| O|  |TAMS 0x0000000081a00000, 0x0000000081900000| Untracked 
|  26|0x0000000081a00000, 0x0000000081b00000, 0x0000000081b00000|100%| O|  |TAMS 0x0000000081b00000, 0x0000000081a00000| Untracked 
|  27|0x0000000081b00000, 0x0000000081c00000, 0x0000000081c00000|100%| O|  |TAMS 0x0000000081c00000, 0x0000000081b00000| Untracked 
|  28|0x0000000081c00000, 0x0000000081d00000, 0x0000000081d00000|100%|HS|  |TAMS 0x0000000081d00000, 0x0000000081c00000| Complete 
|  29|0x0000000081d00000, 0x0000000081e00000, 0x0000000081e00000|100%|HS|  |TAMS 0x0000000081e00000, 0x0000000081d00000| Complete 
|  30|0x0000000081e00000, 0x0000000081f00000, 0x0000000081f00000|100%|HS|  |TAMS 0x0000000081f00000, 0x0000000081e00000| Complete 
|  31|0x0000000081f00000, 0x0000000082000000, 0x0000000082000000|100%|HC|  |TAMS 0x0000000082000000, 0x0000000081f00000| Complete 
|  32|0x0000000082000000, 0x0000000082100000, 0x0000000082100000|100%|HC|  |TAMS 0x0000000082100000, 0x0000000082000000| Complete 
|  33|0x0000000082100000, 0x0000000082200000, 0x0000000082200000|100%|HS|  |TAMS 0x0000000082200000, 0x0000000082100000| Complete 
|  34|0x0000000082200000, 0x0000000082300000, 0x0000000082300000|100%|HC|  |TAMS 0x0000000082300000, 0x0000000082200000| Complete 
|  35|0x0000000082300000, 0x0000000082400000, 0x0000000082400000|100%| O|  |TAMS 0x0000000082400000, 0x0000000082300000| Untracked 
|  36|0x0000000082400000, 0x0000000082500000, 0x0000000082500000|100%| O|  |TAMS 0x0000000082500000, 0x0000000082400000| Untracked 
|  37|0x0000000082500000, 0x0000000082600000, 0x0000000082600000|100%| O|  |TAMS 0x0000000082600000, 0x0000000082500000| Untracked 
|  38|0x0000000082600000, 0x0000000082700000, 0x0000000082700000|100%| O|  |TAMS 0x0000000082700000, 0x0000000082600000| Untracked 
|  39|0x0000000082700000, 0x0000000082800000, 0x0000000082800000|100%| O|  |TAMS 0x0000000082800000, 0x0000000082700000| Untracked 
|  40|0x0000000082800000, 0x0000000082900000, 0x0000000082900000|100%| O|  |TAMS 0x0000000082900000, 0x0000000082800000| Untracked 
|  41|0x0000000082900000, 0x0000000082a00000, 0x0000000082a00000|100%| O|  |TAMS 0x0000000082a00000, 0x0000000082900000| Untracked 
|  42|0x0000000082a00000, 0x0000000082b00000, 0x0000000082b00000|100%| O|  |TAMS 0x0000000082b00000, 0x0000000082a00000| Untracked 
|  43|0x0000000082b00000, 0x0000000082c00000, 0x0000000082c00000|100%| O|  |TAMS 0x0000000082c00000, 0x0000000082b00000| Untracked 
|  44|0x0000000082c00000, 0x0000000082d00000, 0x0000000082d00000|100%| O|  |TAMS 0x0000000082d00000, 0x0000000082c00000| Untracked 
|  45|0x0000000082d00000, 0x0000000082e00000, 0x0000000082e00000|100%| O|  |TAMS 0x0000000082e00000, 0x0000000082d00000| Untracked 
|  46|0x0000000082e00000, 0x0000000082f00000, 0x0000000082f00000|100%| O|  |TAMS 0x0000000082f00000, 0x0000000082e00000| Untracked 
|  47|0x0000000082f00000, 0x0000000083000000, 0x0000000083000000|100%| O|  |TAMS 0x0000000083000000, 0x0000000082f00000| Untracked 
|  48|0x0000000083000000, 0x0000000083100000, 0x0000000083100000|100%| O|  |TAMS 0x0000000083100000, 0x0000000083000000| Untracked 
|  49|0x0000000083100000, 0x0000000083200000, 0x0000000083200000|100%| O|  |TAMS 0x0000000083200000, 0x0000000083100000| Untracked 
|  50|0x0000000083200000, 0x0000000083300000, 0x0000000083300000|100%| O|  |TAMS 0x0000000083300000, 0x0000000083200000| Untracked 
|  51|0x0000000083300000, 0x0000000083400000, 0x0000000083400000|100%| O|  |TAMS 0x0000000083400000, 0x0000000083300000| Untracked 
|  52|0x0000000083400000, 0x0000000083500000, 0x0000000083500000|100%| O|  |TAMS 0x0000000083500000, 0x0000000083400000| Untracked 
|  53|0x0000000083500000, 0x0000000083600000, 0x0000000083600000|100%| O|  |TAMS 0x0000000083600000, 0x0000000083500000| Untracked 
|  54|0x0000000083600000, 0x0000000083700000, 0x0000000083700000|100%| O|  |TAMS 0x0000000083700000, 0x0000000083600000| Untracked 
|  55|0x0000000083700000, 0x0000000083800000, 0x0000000083800000|100%| O|  |TAMS 0x0000000083800000, 0x0000000083700000| Untracked 
|  56|0x0000000083800000, 0x0000000083900000, 0x0000000083900000|100%| O|  |TAMS 0x0000000083900000, 0x0000000083800000| Untracked 
|  57|0x0000000083900000, 0x0000000083a00000, 0x0000000083a00000|100%| O|  |TAMS 0x0000000083a00000, 0x0000000083900000| Untracked 
|  58|0x0000000083a00000, 0x0000000083b00000, 0x0000000083b00000|100%| O|  |TAMS 0x0000000083b00000, 0x0000000083a00000| Untracked 
|  59|0x0000000083b00000, 0x0000000083c00000, 0x0000000083c00000|100%| O|  |TAMS 0x0000000083c00000, 0x0000000083b00000| Untracked 
|  60|0x0000000083c00000, 0x0000000083d00000, 0x0000000083d00000|100%| O|  |TAMS 0x0000000083d00000, 0x0000000083c00000| Untracked 
|  61|0x0000000083d00000, 0x0000000083e00000, 0x0000000083e00000|100%| O|  |TAMS 0x0000000083e00000, 0x0000000083d00000| Untracked 
|  62|0x0000000083e00000, 0x0000000083f00000, 0x0000000083f00000|100%| O|  |TAMS 0x0000000083f00000, 0x0000000083e00000| Untracked 
|  63|0x0000000083f00000, 0x0000000084000000, 0x0000000084000000|100%| O|  |TAMS 0x0000000084000000, 0x0000000083f00000| Untracked 
|  64|0x0000000084000000, 0x0000000084100000, 0x0000000084100000|100%| O|  |TAMS 0x0000000084100000, 0x0000000084000000| Untracked 
|  65|0x0000000084100000, 0x0000000084200000, 0x0000000084200000|100%| O|  |TAMS 0x0000000084200000, 0x0000000084100000| Untracked 
|  66|0x0000000084200000, 0x0000000084300000, 0x0000000084300000|100%| O|  |TAMS 0x0000000084300000, 0x0000000084200000| Untracked 
|  67|0x0000000084300000, 0x0000000084400000, 0x0000000084400000|100%| O|  |TAMS 0x0000000084400000, 0x0000000084300000| Untracked 
|  68|0x0000000084400000, 0x0000000084500000, 0x0000000084500000|100%| O|  |TAMS 0x0000000084500000, 0x0000000084400000| Untracked 
|  69|0x0000000084500000, 0x0000000084600000, 0x0000000084600000|100%| O|  |TAMS 0x0000000084600000, 0x0000000084500000| Untracked 
|  70|0x0000000084600000, 0x0000000084700000, 0x0000000084700000|100%| O|  |TAMS 0x0000000084700000, 0x0000000084600000| Untracked 
|  71|0x0000000084700000, 0x0000000084800000, 0x0000000084800000|100%| O|  |TAMS 0x0000000084800000, 0x0000000084700000| Untracked 
|  72|0x0000000084800000, 0x0000000084900000, 0x0000000084900000|100%| O|  |TAMS 0x0000000084900000, 0x0000000084800000| Untracked 
|  73|0x0000000084900000, 0x0000000084a00000, 0x0000000084a00000|100%| O|  |TAMS 0x0000000084a00000, 0x0000000084900000| Untracked 
|  74|0x0000000084a00000, 0x0000000084b00000, 0x0000000084b00000|100%| O|  |TAMS 0x0000000084b00000, 0x0000000084a00000| Untracked 
|  75|0x0000000084b00000, 0x0000000084c00000, 0x0000000084c00000|100%| O|  |TAMS 0x0000000084c00000, 0x0000000084b00000| Untracked 
|  76|0x0000000084c00000, 0x0000000084d00000, 0x0000000084d00000|100%| O|  |TAMS 0x0000000084d00000, 0x0000000084c00000| Untracked 
|  77|0x0000000084d00000, 0x0000000084e00000, 0x0000000084e00000|100%| O|  |TAMS 0x0000000084e00000, 0x0000000084d00000| Untracked 
|  78|0x0000000084e00000, 0x0000000084f00000, 0x0000000084f00000|100%| O|  |TAMS 0x0000000084f00000, 0x0000000084e00000| Untracked 
|  79|0x0000000084f00000, 0x0000000085000000, 0x0000000085000000|100%| O|  |TAMS 0x0000000085000000, 0x0000000084f00000| Untracked 
|  80|0x0000000085000000, 0x0000000085100000, 0x0000000085100000|100%| O|  |TAMS 0x0000000085100000, 0x0000000085000000| Untracked 
|  81|0x0000000085100000, 0x0000000085200000, 0x0000000085200000|100%| O|  |TAMS 0x0000000085200000, 0x0000000085100000| Untracked 
|  82|0x0000000085200000, 0x0000000085300000, 0x0000000085300000|100%| O|  |TAMS 0x0000000085300000, 0x0000000085200000| Untracked 
|  83|0x0000000085300000, 0x0000000085400000, 0x0000000085400000|100%| O|  |TAMS 0x0000000085400000, 0x0000000085300000| Untracked 
|  84|0x0000000085400000, 0x0000000085500000, 0x0000000085500000|100%| O|  |TAMS 0x0000000085500000, 0x0000000085400000| Untracked 
|  85|0x0000000085500000, 0x0000000085600000, 0x0000000085600000|100%| O|  |TAMS 0x0000000085600000, 0x0000000085500000| Untracked 
|  86|0x0000000085600000, 0x0000000085700000, 0x0000000085700000|100%| O|  |TAMS 0x0000000085700000, 0x0000000085600000| Untracked 
|  87|0x0000000085700000, 0x0000000085800000, 0x0000000085800000|100%| O|  |TAMS 0x0000000085800000, 0x0000000085700000| Untracked 
|  88|0x0000000085800000, 0x00000000858a9600, 0x0000000085900000| 66%| O|  |TAMS 0x00000000858a9600, 0x0000000085800000| Untracked 
|  89|0x0000000085900000, 0x0000000085a00000, 0x0000000085a00000|100%|HS|  |TAMS 0x0000000085a00000, 0x0000000085900000| Complete 
|  90|0x0000000085a00000, 0x0000000085b00000, 0x0000000085b00000|100%|HC|  |TAMS 0x0000000085b00000, 0x0000000085a00000| Complete 
|  91|0x0000000085b00000, 0x0000000085c00000, 0x0000000085c00000|100%|HS|  |TAMS 0x0000000085c00000, 0x0000000085b00000| Complete 
|  92|0x0000000085c00000, 0x0000000085d00000, 0x0000000085d00000|100%|HC|  |TAMS 0x0000000085d00000, 0x0000000085c00000| Complete 
|  93|0x0000000085d00000, 0x0000000085e00000, 0x0000000085e00000|100%|HS|  |TAMS 0x0000000085d00000, 0x0000000085d00000| Complete 
|  94|0x0000000085e00000, 0x0000000085f00000, 0x0000000085f00000|100%|HC|  |TAMS 0x0000000085e00000, 0x0000000085e00000| Complete 
|  95|0x0000000085f00000, 0x0000000086000000, 0x0000000086000000|100%|HS|  |TAMS 0x0000000085f00000, 0x0000000085f00000| Complete 
|  96|0x0000000086000000, 0x0000000086100000, 0x0000000086100000|100%|HC|  |TAMS 0x0000000086000000, 0x0000000086000000| Complete 
|  97|0x0000000086100000, 0x0000000086200000, 0x0000000086200000|100%|HS|  |TAMS 0x0000000086100000, 0x0000000086100000| Complete 
|  98|0x0000000086200000, 0x0000000086300000, 0x0000000086300000|100%|HC|  |TAMS 0x0000000086200000, 0x0000000086200000| Complete 
|  99|0x0000000086300000, 0x0000000086400000, 0x0000000086400000|100%| O|  |TAMS 0x0000000086400000, 0x0000000086300000| Untracked 
| 100|0x0000000086400000, 0x0000000086500000, 0x0000000086500000|100%| O|  |TAMS 0x0000000086500000, 0x0000000086400000| Untracked 
| 101|0x0000000086500000, 0x0000000086600000, 0x0000000086600000|100%| O|  |TAMS 0x0000000086600000, 0x0000000086500000| Untracked 
| 102|0x0000000086600000, 0x0000000086700000, 0x0000000086700000|100%| O|  |TAMS 0x0000000086700000, 0x0000000086600000| Untracked 
| 103|0x0000000086700000, 0x0000000086800000, 0x0000000086800000|100%| O|  |TAMS 0x0000000086800000, 0x0000000086700000| Untracked 
| 104|0x0000000086800000, 0x0000000086900000, 0x0000000086900000|100%| O|  |TAMS 0x0000000086900000, 0x0000000086800000| Untracked 
| 105|0x0000000086900000, 0x0000000086a00000, 0x0000000086a00000|100%|HS|  |TAMS 0x0000000086900000, 0x0000000086900000| Complete 
| 106|0x0000000086a00000, 0x0000000086b00000, 0x0000000086b00000|100%|HC|  |TAMS 0x0000000086a00000, 0x0000000086a00000| Complete 
| 107|0x0000000086b00000, 0x0000000086c00000, 0x0000000086c00000|100%|HS|  |TAMS 0x0000000086b00000, 0x0000000086b00000| Complete 
| 108|0x0000000086c00000, 0x0000000086d00000, 0x0000000086d00000|100%| O|  |TAMS 0x0000000086d00000, 0x0000000086c00000| Untracked 
| 109|0x0000000086d00000, 0x0000000086e00000, 0x0000000086e00000|100%|HS|  |TAMS 0x0000000086d00000, 0x0000000086d00000| Complete 
| 110|0x0000000086e00000, 0x0000000086f00000, 0x0000000086f00000|100%|HC|  |TAMS 0x0000000086e00000, 0x0000000086e00000| Complete 
| 111|0x0000000086f00000, 0x0000000087000000, 0x0000000087000000|100%|HS|  |TAMS 0x0000000086f00000, 0x0000000086f00000| Complete 
| 112|0x0000000087000000, 0x0000000087100000, 0x0000000087100000|100%|HC|  |TAMS 0x0000000087000000, 0x0000000087000000| Complete 
| 113|0x0000000087100000, 0x0000000087200000, 0x0000000087200000|100%|HS|  |TAMS 0x0000000087100000, 0x0000000087100000| Complete 
| 114|0x0000000087200000, 0x0000000087300000, 0x0000000087300000|100%|HC|  |TAMS 0x0000000087200000, 0x0000000087200000| Complete 
| 115|0x0000000087300000, 0x0000000087400000, 0x0000000087400000|100%|HS|  |TAMS 0x0000000087300000, 0x0000000087300000| Complete 
| 116|0x0000000087400000, 0x0000000087500000, 0x0000000087500000|100%|HC|  |TAMS 0x0000000087400000, 0x0000000087400000| Complete 
| 117|0x0000000087500000, 0x0000000087600000, 0x0000000087600000|100%|HS|  |TAMS 0x0000000087500000, 0x0000000087500000| Complete 
| 118|0x0000000087600000, 0x0000000087700000, 0x0000000087700000|100%|HC|  |TAMS 0x0000000087600000, 0x0000000087600000| Complete 
| 119|0x0000000087700000, 0x0000000087800000, 0x0000000087800000|100%|HS|  |TAMS 0x0000000087700000, 0x0000000087700000| Complete 
| 120|0x0000000087800000, 0x0000000087900000, 0x0000000087900000|100%|HC|  |TAMS 0x0000000087800000, 0x0000000087800000| Complete 
| 121|0x0000000087900000, 0x0000000087a00000, 0x0000000087a00000|100%|HS|  |TAMS 0x0000000087900000, 0x0000000087900000| Complete 
| 122|0x0000000087a00000, 0x0000000087b00000, 0x0000000087b00000|100%|HC|  |TAMS 0x0000000087a00000, 0x0000000087a00000| Complete 
| 123|0x0000000087b00000, 0x0000000087c00000, 0x0000000087c00000|100%|HS|  |TAMS 0x0000000087b00000, 0x0000000087b00000| Complete 
| 124|0x0000000087c00000, 0x0000000087d00000, 0x0000000087d00000|100%|HC|  |TAMS 0x0000000087c00000, 0x0000000087c00000| Complete 
| 125|0x0000000087d00000, 0x0000000087e00000, 0x0000000087e00000|100%|HS|  |TAMS 0x0000000087d00000, 0x0000000087d00000| Complete 
| 126|0x0000000087e00000, 0x0000000087f00000, 0x0000000087f00000|100%|HC|  |TAMS 0x0000000087e00000, 0x0000000087e00000| Complete 
| 127|0x0000000087f00000, 0x0000000088000000, 0x0000000088000000|100%|HS|  |TAMS 0x0000000087f00000, 0x0000000087f00000| Complete 
| 128|0x0000000088000000, 0x0000000088100000, 0x0000000088100000|100%|HC|  |TAMS 0x0000000088000000, 0x0000000088000000| Complete 
| 129|0x0000000088100000, 0x0000000088200000, 0x0000000088200000|100%|HS|  |TAMS 0x0000000088100000, 0x0000000088100000| Complete 
| 130|0x0000000088200000, 0x0000000088300000, 0x0000000088300000|100%|HC|  |TAMS 0x0000000088200000, 0x0000000088200000| Complete 
| 131|0x0000000088300000, 0x0000000088400000, 0x0000000088400000|100%|HS|  |TAMS 0x0000000088300000, 0x0000000088300000| Complete 
| 132|0x0000000088400000, 0x0000000088500000, 0x0000000088500000|100%|HC|  |TAMS 0x0000000088400000, 0x0000000088400000| Complete 
| 133|0x0000000088500000, 0x0000000088600000, 0x0000000088600000|100%|HS|  |TAMS 0x0000000088500000, 0x0000000088500000| Complete 
| 134|0x0000000088600000, 0x0000000088700000, 0x0000000088700000|100%|HC|  |TAMS 0x0000000088600000, 0x0000000088600000| Complete 
| 135|0x0000000088700000, 0x0000000088800000, 0x0000000088800000|100%|HS|  |TAMS 0x0000000088700000, 0x0000000088700000| Complete 
| 136|0x0000000088800000, 0x0000000088900000, 0x0000000088900000|100%|HC|  |TAMS 0x0000000088800000, 0x0000000088800000| Complete 
| 137|0x0000000088900000, 0x0000000088a00000, 0x0000000088a00000|100%|HS|  |TAMS 0x0000000088900000, 0x0000000088900000| Complete 
| 138|0x0000000088a00000, 0x0000000088b00000, 0x0000000088b00000|100%|HC|  |TAMS 0x0000000088a00000, 0x0000000088a00000| Complete 
| 139|0x0000000088b00000, 0x0000000088c00000, 0x0000000088c00000|100%|HS|  |TAMS 0x0000000088b00000, 0x0000000088b00000| Complete 
| 140|0x0000000088c00000, 0x0000000088d00000, 0x0000000088d00000|100%|HC|  |TAMS 0x0000000088c00000, 0x0000000088c00000| Complete 
| 141|0x0000000088d00000, 0x0000000088e00000, 0x0000000088e00000|100%|HS|  |TAMS 0x0000000088d00000, 0x0000000088d00000| Complete 
| 142|0x0000000088e00000, 0x0000000088f00000, 0x0000000088f00000|100%|HC|  |TAMS 0x0000000088e00000, 0x0000000088e00000| Complete 
| 143|0x0000000088f00000, 0x0000000089000000, 0x0000000089000000|100%|HS|  |TAMS 0x0000000088f00000, 0x0000000088f00000| Complete 
| 144|0x0000000089000000, 0x0000000089100000, 0x0000000089100000|100%|HC|  |TAMS 0x0000000089000000, 0x0000000089000000| Complete 
| 145|0x0000000089100000, 0x0000000089100000, 0x0000000089200000|  0%| F|  |TAMS 0x0000000089100000, 0x0000000089100000| Untracked 
| 146|0x0000000089200000, 0x0000000089200000, 0x0000000089300000|  0%| F|  |TAMS 0x0000000089200000, 0x0000000089200000| Untracked 
| 147|0x0000000089300000, 0x0000000089300000, 0x0000000089400000|  0%| F|  |TAMS 0x0000000089300000, 0x0000000089300000| Untracked 
| 148|0x0000000089400000, 0x0000000089400000, 0x0000000089500000|  0%| F|  |TAMS 0x0000000089400000, 0x0000000089400000| Untracked 
| 149|0x0000000089500000, 0x0000000089500000, 0x0000000089600000|  0%| F|  |TAMS 0x0000000089500000, 0x0000000089500000| Untracked 
| 150|0x0000000089600000, 0x0000000089600000, 0x0000000089700000|  0%| F|  |TAMS 0x0000000089600000, 0x0000000089600000| Untracked 
| 151|0x0000000089700000, 0x0000000089700000, 0x0000000089800000|  0%| F|  |TAMS 0x0000000089700000, 0x0000000089700000| Untracked 
| 152|0x0000000089800000, 0x0000000089800000, 0x0000000089900000|  0%| F|  |TAMS 0x0000000089800000, 0x0000000089800000| Untracked 
| 153|0x0000000089900000, 0x0000000089900000, 0x0000000089a00000|  0%| F|  |TAMS 0x0000000089900000, 0x0000000089900000| Untracked 
| 154|0x0000000089a00000, 0x0000000089a00000, 0x0000000089b00000|  0%| F|  |TAMS 0x0000000089a00000, 0x0000000089a00000| Untracked 
| 155|0x0000000089b00000, 0x0000000089b00000, 0x0000000089c00000|  0%| F|  |TAMS 0x0000000089b00000, 0x0000000089b00000| Untracked 
| 156|0x0000000089c00000, 0x0000000089c00000, 0x0000000089d00000|  0%| F|  |TAMS 0x0000000089c00000, 0x0000000089c00000| Untracked 
| 157|0x0000000089d00000, 0x0000000089d00000, 0x0000000089e00000|  0%| F|  |TAMS 0x0000000089d00000, 0x0000000089d00000| Untracked 
| 158|0x0000000089e00000, 0x0000000089e00000, 0x0000000089f00000|  0%| F|  |TAMS 0x0000000089e00000, 0x0000000089e00000| Untracked 
| 159|0x0000000089f00000, 0x0000000089f00000, 0x000000008a000000|  0%| F|  |TAMS 0x0000000089f00000, 0x0000000089f00000| Untracked 
| 160|0x000000008a000000, 0x000000008a000000, 0x000000008a100000|  0%| F|  |TAMS 0x000000008a000000, 0x000000008a000000| Untracked 
| 161|0x000000008a100000, 0x000000008a100000, 0x000000008a200000|  0%| F|  |TAMS 0x000000008a100000, 0x000000008a100000| Untracked 
| 162|0x000000008a200000, 0x000000008a200000, 0x000000008a300000|  0%| F|  |TAMS 0x000000008a200000, 0x000000008a200000| Untracked 
| 163|0x000000008a300000, 0x000000008a300000, 0x000000008a400000|  0%| F|  |TAMS 0x000000008a300000, 0x000000008a300000| Untracked 
| 164|0x000000008a400000, 0x000000008a400000, 0x000000008a500000|  0%| F|  |TAMS 0x000000008a400000, 0x000000008a400000| Untracked 
| 165|0x000000008a500000, 0x000000008a500000, 0x000000008a600000|  0%| F|  |TAMS 0x000000008a500000, 0x000000008a500000| Untracked 
| 166|0x000000008a600000, 0x000000008a600000, 0x000000008a700000|  0%| F|  |TAMS 0x000000008a600000, 0x000000008a600000| Untracked 
| 167|0x000000008a700000, 0x000000008a700000, 0x000000008a800000|  0%| F|  |TAMS 0x000000008a700000, 0x000000008a700000| Untracked 
| 168|0x000000008a800000, 0x000000008a800000, 0x000000008a900000|  0%| F|  |TAMS 0x000000008a800000, 0x000000008a800000| Untracked 
| 169|0x000000008a900000, 0x000000008a900000, 0x000000008aa00000|  0%| F|  |TAMS 0x000000008a900000, 0x000000008a900000| Untracked 
| 170|0x000000008aa00000, 0x000000008aa00000, 0x000000008ab00000|  0%| F|  |TAMS 0x000000008aa00000, 0x000000008aa00000| Untracked 
| 171|0x000000008ab00000, 0x000000008ab00000, 0x000000008ac00000|  0%| F|  |TAMS 0x000000008ab00000, 0x000000008ab00000| Untracked 
| 172|0x000000008ac00000, 0x000000008ac00000, 0x000000008ad00000|  0%| F|  |TAMS 0x000000008ac00000, 0x000000008ac00000| Untracked 
| 173|0x000000008ad00000, 0x000000008ad00000, 0x000000008ae00000|  0%| F|  |TAMS 0x000000008ad00000, 0x000000008ad00000| Untracked 
| 174|0x000000008ae00000, 0x000000008ae00000, 0x000000008af00000|  0%| F|  |TAMS 0x000000008ae00000, 0x000000008ae00000| Untracked 
| 175|0x000000008af00000, 0x000000008af00000, 0x000000008b000000|  0%| F|  |TAMS 0x000000008af00000, 0x000000008af00000| Untracked 
| 176|0x000000008b000000, 0x000000008b000000, 0x000000008b100000|  0%| F|  |TAMS 0x000000008b000000, 0x000000008b000000| Untracked 
| 177|0x000000008b100000, 0x000000008b100000, 0x000000008b200000|  0%| F|  |TAMS 0x000000008b100000, 0x000000008b100000| Untracked 
| 178|0x000000008b200000, 0x000000008b200000, 0x000000008b300000|  0%| F|  |TAMS 0x000000008b200000, 0x000000008b200000| Untracked 
| 179|0x000000008b300000, 0x000000008b300000, 0x000000008b400000|  0%| F|  |TAMS 0x000000008b300000, 0x000000008b300000| Untracked 
| 180|0x000000008b400000, 0x000000008b400000, 0x000000008b500000|  0%| F|  |TAMS 0x000000008b400000, 0x000000008b400000| Untracked 
| 181|0x000000008b500000, 0x000000008b500000, 0x000000008b600000|  0%| F|  |TAMS 0x000000008b500000, 0x000000008b500000| Untracked 
| 182|0x000000008b600000, 0x000000008b600000, 0x000000008b700000|  0%| F|  |TAMS 0x000000008b600000, 0x000000008b600000| Untracked 
| 183|0x000000008b700000, 0x000000008b700000, 0x000000008b800000|  0%| F|  |TAMS 0x000000008b700000, 0x000000008b700000| Untracked 
| 184|0x000000008b800000, 0x000000008b800000, 0x000000008b900000|  0%| F|  |TAMS 0x000000008b800000, 0x000000008b800000| Untracked 
| 185|0x000000008b900000, 0x000000008b900000, 0x000000008ba00000|  0%| F|  |TAMS 0x000000008b900000, 0x000000008b900000| Untracked 
| 186|0x000000008ba00000, 0x000000008ba00000, 0x000000008bb00000|  0%| F|  |TAMS 0x000000008ba00000, 0x000000008ba00000| Untracked 
| 187|0x000000008bb00000, 0x000000008bb00000, 0x000000008bc00000|  0%| F|  |TAMS 0x000000008bb00000, 0x000000008bb00000| Untracked 
| 188|0x000000008bc00000, 0x000000008bc00000, 0x000000008bd00000|  0%| F|  |TAMS 0x000000008bc00000, 0x000000008bc00000| Untracked 
| 189|0x000000008bd00000, 0x000000008bd00000, 0x000000008be00000|  0%| F|  |TAMS 0x000000008bd00000, 0x000000008bd00000| Untracked 
| 190|0x000000008be00000, 0x000000008be00000, 0x000000008bf00000|  0%| F|  |TAMS 0x000000008be00000, 0x000000008be00000| Untracked 
| 191|0x000000008bf00000, 0x000000008bf00000, 0x000000008c000000|  0%| F|  |TAMS 0x000000008bf00000, 0x000000008bf00000| Untracked 
| 192|0x000000008c000000, 0x000000008c071190, 0x000000008c100000| 44%| S|CS|TAMS 0x000000008c000000, 0x000000008c000000| Complete 
| 193|0x000000008c100000, 0x000000008c200000, 0x000000008c200000|100%| S|CS|TAMS 0x000000008c100000, 0x000000008c100000| Complete 
| 194|0x000000008c200000, 0x000000008c300000, 0x000000008c300000|100%| S|CS|TAMS 0x000000008c200000, 0x000000008c200000| Complete 
| 195|0x000000008c300000, 0x000000008c400000, 0x000000008c400000|100%| S|CS|TAMS 0x000000008c300000, 0x000000008c300000| Complete 
| 196|0x000000008c400000, 0x000000008c500000, 0x000000008c500000|100%| S|CS|TAMS 0x000000008c400000, 0x000000008c400000| Complete 
| 197|0x000000008c500000, 0x000000008c600000, 0x000000008c600000|100%| S|CS|TAMS 0x000000008c500000, 0x000000008c500000| Complete 
| 198|0x000000008c600000, 0x000000008c700000, 0x000000008c700000|100%| S|CS|TAMS 0x000000008c600000, 0x000000008c600000| Complete 
| 199|0x000000008c700000, 0x000000008c700000, 0x000000008c800000|  0%| F|  |TAMS 0x000000008c700000, 0x000000008c700000| Untracked 
| 200|0x000000008c800000, 0x000000008c800000, 0x000000008c900000|  0%| F|  |TAMS 0x000000008c800000, 0x000000008c800000| Untracked 
| 201|0x000000008c900000, 0x000000008c900000, 0x000000008ca00000|  0%| F|  |TAMS 0x000000008c900000, 0x000000008c900000| Untracked 
| 202|0x000000008ca00000, 0x000000008ca00000, 0x000000008cb00000|  0%| F|  |TAMS 0x000000008ca00000, 0x000000008ca00000| Untracked 
| 203|0x000000008cb00000, 0x000000008cb00000, 0x000000008cc00000|  0%| F|  |TAMS 0x000000008cb00000, 0x000000008cb00000| Untracked 
| 204|0x000000008cc00000, 0x000000008cc00000, 0x000000008cd00000|  0%| F|  |TAMS 0x000000008cc00000, 0x000000008cc00000| Untracked 
| 205|0x000000008cd00000, 0x000000008cddf4c0, 0x000000008ce00000| 87%| E|  |TAMS 0x000000008cd00000, 0x000000008cd00000| Complete 
| 206|0x000000008ce00000, 0x000000008cf00000, 0x000000008cf00000|100%| E|CS|TAMS 0x000000008ce00000, 0x000000008ce00000| Complete 
| 207|0x000000008cf00000, 0x000000008d000000, 0x000000008d000000|100%| E|CS|TAMS 0x000000008cf00000, 0x000000008cf00000| Complete 
| 208|0x000000008d000000, 0x000000008d100000, 0x000000008d100000|100%| E|CS|TAMS 0x000000008d000000, 0x000000008d000000| Complete 
| 209|0x000000008d100000, 0x000000008d200000, 0x000000008d200000|100%| E|CS|TAMS 0x000000008d100000, 0x000000008d100000| Complete 
| 210|0x000000008d200000, 0x000000008d300000, 0x000000008d300000|100%| E|CS|TAMS 0x000000008d200000, 0x000000008d200000| Complete 
| 211|0x000000008d300000, 0x000000008d400000, 0x000000008d400000|100%| E|CS|TAMS 0x000000008d300000, 0x000000008d300000| Complete 
| 212|0x000000008d400000, 0x000000008d500000, 0x000000008d500000|100%| E|CS|TAMS 0x000000008d400000, 0x000000008d400000| Complete 
| 213|0x000000008d500000, 0x000000008d600000, 0x000000008d600000|100%| E|CS|TAMS 0x000000008d500000, 0x000000008d500000| Complete 
| 214|0x000000008d600000, 0x000000008d700000, 0x000000008d700000|100%| E|CS|TAMS 0x000000008d600000, 0x000000008d600000| Complete 
| 215|0x000000008d700000, 0x000000008d800000, 0x000000008d800000|100%| E|CS|TAMS 0x000000008d700000, 0x000000008d700000| Complete 
| 216|0x000000008d800000, 0x000000008d900000, 0x000000008d900000|100%| E|CS|TAMS 0x000000008d800000, 0x000000008d800000| Complete 
| 217|0x000000008d900000, 0x000000008da00000, 0x000000008da00000|100%| E|CS|TAMS 0x000000008d900000, 0x000000008d900000| Complete 
| 218|0x000000008da00000, 0x000000008db00000, 0x000000008db00000|100%| E|  |TAMS 0x000000008da00000, 0x000000008da00000| Complete 
| 219|0x000000008db00000, 0x000000008dc00000, 0x000000008dc00000|100%| E|CS|TAMS 0x000000008db00000, 0x000000008db00000| Complete 
| 220|0x000000008dc00000, 0x000000008dd00000, 0x000000008dd00000|100%| E|CS|TAMS 0x000000008dc00000, 0x000000008dc00000| Complete 
| 221|0x000000008dd00000, 0x000000008de00000, 0x000000008de00000|100%| E|CS|TAMS 0x000000008dd00000, 0x000000008dd00000| Complete 

Card table byte_map: [0x000001c757360000,0x000001c757760000] _byte_map_base: 0x000001c756f60000

Marking Bits (Prev, Next): (CMBitMap*) 0x000001c74448f960, (CMBitMap*) 0x000001c74448f928
 Prev Bits: [0x000001c759b60000, 0x000001c75bb60000)
 Next Bits: [0x000001c757b60000, 0x000001c759b60000)

Polling page: 0x000001c742440000

Metaspace:

Usage:
  Non-class:     90.52 MB capacity,    89.02 MB ( 98%) used,     1.20 MB (  1%) free+waste,   306.81 KB ( <1%) overhead. 
      Class:     14.05 MB capacity,    13.10 MB ( 93%) used,   829.50 KB (  6%) free+waste,   137.69 KB ( <1%) overhead. 
       Both:    104.57 MB capacity,   102.12 MB ( 98%) used,     2.01 MB (  2%) free+waste,   444.50 KB ( <1%) overhead. 

Virtual space:
  Non-class space:       92.00 MB reserved,      90.67 MB ( 99%) committed 
      Class space:        1.00 GB reserved,      14.13 MB (  1%) committed 
             Both:        1.09 GB reserved,     104.79 MB (  9%) committed 

Chunk freelists:
   Non-Class:  21.00 KB
       Class:  0 bytes
        Both:  21.00 KB

MaxMetaspaceSize: 17179869184.00 GB
CompressedClassSpaceSize: 1.00 GB
Initial GC threshold: 20.80 MB
Current GC threshold: 173.20 MB
CDS: off

CodeHeap 'non-profiled nmethods': size=120064Kb used=8068Kb max_used=8068Kb free=111995Kb
 bounds [0x000001c74fa20000, 0x000001c750210000, 0x000001c756f60000]
CodeHeap 'profiled nmethods': size=120000Kb used=29255Kb max_used=29255Kb free=90744Kb
 bounds [0x000001c7484f0000, 0x000001c74a190000, 0x000001c74fa20000]
CodeHeap 'non-nmethods': size=5696Kb used=2449Kb max_used=2498Kb free=3246Kb
 bounds [0x000001c747f60000, 0x000001c7481e0000, 0x000001c7484f0000]
 total_blobs=14164 nmethods=13182 adapters=894
 compilation: enabled
              stopped_count=0, restarted_count=0
 full_count=0

Compilation events (20 events):
Event: 81.732 Thread 0x000001c75e08a800 13262       3       org.gradle.api.internal.DefaultNamedDomainObjectCollection$AbstractNamedDomainObjectProvider::<init> (20 bytes)
Event: 81.733 Thread 0x000001c75e08a800 nmethod 13262 0x000001c74a158c10 code [0x000001c74a158de0, 0x000001c74a1590b8]
Event: 81.740 Thread 0x000001c75e08a800 13263       1       org.gradle.plugin.use.internal.DefaultPluginId::toString (5 bytes)
Event: 81.740 Thread 0x000001c75e08a800 nmethod 13263 0x000001c7501ff310 code [0x000001c7501ff4c0, 0x000001c7501ff578]
Event: 81.746 Thread 0x000001c75e08a800 13264       3       org.gradle.internal.service.DefaultServiceRegistry::findProviderMethods (203 bytes)
Event: 81.750 Thread 0x000001c75e08a800 nmethod 13264 0x000001c74a159190 code [0x000001c74a159760, 0x000001c74a15ccb8]
Event: 81.750 Thread 0x000001c75e08a800 13265       3       java.util.Arrays::copyOfRange (63 bytes)
Event: 81.751 Thread 0x000001c75e063800 nmethod 13256 0x000001c7501ff610 code [0x000001c7501ff800, 0x000001c750200668]
Event: 81.751 Thread 0x000001c75e063800 13268   !   4       org.gradle.internal.service.DefaultServiceRegistry$ManagedObjectServiceProvider::getInstance (47 bytes)
Event: 81.751 Thread 0x000001c75e08a800 nmethod 13265 0x000001c74a15de10 code [0x000001c74a15e0a0, 0x000001c74a15ebb8]
Event: 81.751 Thread 0x000001c75e08a800 13266       3       org.gradle.api.internal.initialization.ClassLoaderScopeIdentifier::hashCode (23 bytes)
Event: 81.752 Thread 0x000001c75e08a800 nmethod 13266 0x000001c74a15f010 code [0x000001c74a15f200, 0x000001c74a15f5a8]
Event: 81.752 Thread 0x000001c75e08a800 13269       1       groovy.lang.MetaClassImpl::getTheClass (5 bytes)
Event: 81.752 Thread 0x000001c75e08a800 nmethod 13269 0x000001c750200c10 code [0x000001c750200dc0, 0x000001c750200e78]
Event: 81.761 Thread 0x000001c75e08a800 13272       3       org.gradle.internal.typeconversion.MapNotationConverter::<init> (7 bytes)
Event: 81.761 Thread 0x000001c75e08a800 nmethod 13272 0x000001c74a15f790 code [0x000001c74a15f960, 0x000001c74a15fb98]
Event: 81.774 Thread 0x000001c75e08a800 13273       3       org.gradle.api.internal.artifacts.dsl.ComponentMetadataRuleContainer::isEmpty (10 bytes)
Event: 81.775 Thread 0x000001c75e08a800 nmethod 13273 0x000001c74a15fc90 code [0x000001c74a15fe40, 0x000001c74a160008]
Event: 81.775 Thread 0x000001c75e08a800 13274       3       java.util.BitSet::cardinality (32 bytes)
Event: 81.775 Thread 0x000001c75e08a800 nmethod 13274 0x000001c74a160110 code [0x000001c74a1602e0, 0x000001c74a160508]

GC Heap History (20 events):
Event: 32.299 GC heap before
{Heap before GC invocations=27 (full 0):
 garbage-first heap   total 157696K, used 134784K [0x0000000080000000, 0x0000000100000000)
  region size 1024K, 19 young (19456K), 3 survivors (3072K)
 Metaspace       used 90201K, capacity 92312K, committed 92588K, reserved 1130496K
  class space    used 11659K, capacity 12432K, committed 12544K, reserved 1048576K
}
Event: 32.312 GC heap after
{Heap after GC invocations=28 (full 0):
 garbage-first heap   total 189440K, used 104929K [0x0000000080000000, 0x0000000100000000)
  region size 1024K, 1 young (1024K), 1 survivors (1024K)
 Metaspace       used 90201K, capacity 92312K, committed 92588K, reserved 1130496K
  class space    used 11659K, capacity 12432K, committed 12544K, reserved 1048576K
}
Event: 32.913 GC heap before
{Heap before GC invocations=28 (full 0):
 garbage-first heap   total 189440K, used 131553K [0x0000000080000000, 0x0000000100000000)
  region size 1024K, 28 young (28672K), 1 survivors (1024K)
 Metaspace       used 91254K, capacity 93356K, committed 93612K, reserved 1130496K
  class space    used 11753K, capacity 12543K, committed 12544K, reserved 1048576K
}
Event: 32.926 GC heap after
{Heap after GC invocations=29 (full 0):
 garbage-first heap   total 189440K, used 107362K [0x0000000080000000, 0x0000000100000000)
  region size 1024K, 4 young (4096K), 4 survivors (4096K)
 Metaspace       used 91254K, capacity 93356K, committed 93612K, reserved 1130496K
  class space    used 11753K, capacity 12543K, committed 12544K, reserved 1048576K
}
Event: 33.545 GC heap before
{Heap before GC invocations=30 (full 0):
 garbage-first heap   total 189440K, used 135278K [0x0000000080000000, 0x0000000100000000)
  region size 1024K, 33 young (33792K), 4 survivors (4096K)
 Metaspace       used 91669K, capacity 93821K, committed 93996K, reserved 1130496K
  class space    used 11772K, capacity 12618K, committed 12672K, reserved 1048576K
}
Event: 33.563 GC heap after
{Heap after GC invocations=31 (full 0):
 garbage-first heap   total 189440K, used 110093K [0x0000000080000000, 0x0000000100000000)
  region size 1024K, 4 young (4096K), 4 survivors (4096K)
 Metaspace       used 91669K, capacity 93821K, committed 93996K, reserved 1130496K
  class space    used 11772K, capacity 12618K, committed 12672K, reserved 1048576K
}
Event: 33.622 GC heap before
{Heap before GC invocations=31 (full 0):
 garbage-first heap   total 189440K, used 114189K [0x0000000080000000, 0x0000000100000000)
  region size 1024K, 9 young (9216K), 4 survivors (4096K)
 Metaspace       used 91858K, capacity 93950K, committed 94252K, reserved 1130496K
  class space    used 11793K, capacity 12618K, committed 12672K, reserved 1048576K
}
Event: 33.638 GC heap after
{Heap after GC invocations=32 (full 0):
 garbage-first heap   total 189440K, used 99735K [0x0000000080000000, 0x0000000100000000)
  region size 1024K, 1 young (1024K), 1 survivors (1024K)
 Metaspace       used 91858K, capacity 93950K, committed 94252K, reserved 1130496K
  class space    used 11793K, capacity 12618K, committed 12672K, reserved 1048576K
}
Event: 34.031 GC heap before
{Heap before GC invocations=32 (full 0):
 garbage-first heap   total 189440K, used 133527K [0x0000000080000000, 0x0000000100000000)
  region size 1024K, 35 young (35840K), 1 survivors (1024K)
 Metaspace       used 92986K, capacity 95132K, committed 95404K, reserved 1132544K
  class space    used 11940K, capacity 12747K, committed 12800K, reserved 1048576K
}
Event: 34.043 GC heap after
{Heap after GC invocations=33 (full 0):
 garbage-first heap   total 189440K, used 102045K [0x0000000080000000, 0x0000000100000000)
  region size 1024K, 4 young (4096K), 4 survivors (4096K)
 Metaspace       used 92986K, capacity 95132K, committed 95404K, reserved 1132544K
  class space    used 11940K, capacity 12747K, committed 12800K, reserved 1048576K
}
Event: 34.659 GC heap before
{Heap before GC invocations=34 (full 0):
 garbage-first heap   total 189440K, used 131741K [0x0000000080000000, 0x0000000100000000)
  region size 1024K, 40 young (40960K), 4 survivors (4096K)
 Metaspace       used 94664K, capacity 96780K, committed 96940K, reserved 1132544K
  class space    used 12160K, capacity 12974K, committed 13056K, reserved 1048576K
}
Event: 34.670 GC heap after
{Heap after GC invocations=35 (full 0):
 garbage-first heap   total 189440K, used 97624K [0x0000000080000000, 0x0000000100000000)
  region size 1024K, 2 young (2048K), 2 survivors (2048K)
 Metaspace       used 94664K, capacity 96780K, committed 96940K, reserved 1132544K
  class space    used 12160K, capacity 12974K, committed 13056K, reserved 1048576K
}
Event: 34.745 GC heap before
{Heap before GC invocations=35 (full 0):
 garbage-first heap   total 189440K, used 103768K [0x0000000080000000, 0x0000000100000000)
  region size 1024K, 9 young (9216K), 2 survivors (2048K)
 Metaspace       used 95020K, capacity 97136K, committed 97196K, reserved 1134592K
  class space    used 12195K, capacity 13007K, committed 13056K, reserved 1048576K
}
Event: 34.759 GC heap after
{Heap after GC invocations=36 (full 0):
 garbage-first heap   total 227328K, used 92773K [0x0000000080000000, 0x0000000100000000)
  region size 1024K, 1 young (1024K), 1 survivors (1024K)
 Metaspace       used 95020K, capacity 97136K, committed 97196K, reserved 1134592K
  class space    used 12195K, capacity 13007K, committed 13056K, reserved 1048576K
}
Event: 39.473 GC heap before
{Heap before GC invocations=36 (full 0):
 garbage-first heap   total 227328K, used 154213K [0x0000000080000000, 0x0000000100000000)
  region size 1024K, 62 young (63488K), 1 survivors (1024K)
 Metaspace       used 96806K, capacity 98922K, committed 99244K, reserved 1134592K
  class space    used 12387K, capacity 13219K, committed 13312K, reserved 1048576K
}
Event: 39.486 GC heap after
{Heap after GC invocations=37 (full 0):
 garbage-first heap   total 227328K, used 98040K [0x0000000080000000, 0x0000000100000000)
  region size 1024K, 6 young (6144K), 6 survivors (6144K)
 Metaspace       used 96806K, capacity 98922K, committed 99244K, reserved 1134592K
  class space    used 12387K, capacity 13219K, committed 13312K, reserved 1048576K
}
Event: 50.389 GC heap before
{Heap before GC invocations=37 (full 0):
 garbage-first heap   total 227328K, used 160504K [0x0000000080000000, 0x0000000100000000)
  region size 1024K, 68 young (69632K), 6 survivors (6144K)
 Metaspace       used 101666K, capacity 104069K, committed 104236K, reserved 1140736K
  class space    used 13031K, capacity 13908K, committed 13952K, reserved 1048576K
}
Event: 50.413 GC heap after
{Heap after GC invocations=38 (full 0):
 garbage-first heap   total 227328K, used 103077K [0x0000000080000000, 0x0000000100000000)
  region size 1024K, 5 young (5120K), 5 survivors (5120K)
 Metaspace       used 101666K, capacity 104069K, committed 104236K, reserved 1140736K
  class space    used 13031K, capacity 13908K, committed 13952K, reserved 1048576K
}
Event: 51.038 GC heap before
{Heap before GC invocations=38 (full 0):
 garbage-first heap   total 227328K, used 129701K [0x0000000080000000, 0x0000000100000000)
  region size 1024K, 28 young (28672K), 5 survivors (5120K)
 Metaspace       used 103437K, capacity 105917K, committed 106028K, reserved 1140736K
  class space    used 13264K, capacity 14200K, committed 14208K, reserved 1048576K
}
Event: 51.051 GC heap after
{Heap after GC invocations=39 (full 0):
 garbage-first heap   total 227328K, used 108649K [0x0000000080000000, 0x0000000100000000)
  region size 1024K, 7 young (7168K), 7 survivors (7168K)
 Metaspace       used 103437K, capacity 105917K, committed 106028K, reserved 1140736K
  class space    used 13264K, capacity 14200K, committed 14208K, reserved 1048576K
}

Deoptimization events (20 events):
Event: 81.602 Thread 0x000001c7600a8000 Uncommon trap: trap_request=0xffffffc6 fr.pc=0x000001c750015c5c relative=0x00000000000007fc
Event: 81.602 Thread 0x000001c7600a8000 Uncommon trap: reason=bimorphic_or_optimized_type_check action=maybe_recompile pc=0x000001c750015c5c method=org.gradle.internal.operations.DefaultBuildOperationListenerManager$ProgressShieldingBuildOperationListener.finished(Lorg/gradle/internal/operation
Event: 81.602 Thread 0x000001c7600a8000 DEOPT PACKING pc=0x000001c750015c5c sp=0x0000001851dfc6c0
Event: 81.603 Thread 0x000001c7600a8000 DEOPT UNPACKING pc=0x000001c747faa1af sp=0x0000001851dfc688 mode 2
Event: 81.642 Thread 0x000001c7600a8000 Uncommon trap: trap_request=0xffffff4d fr.pc=0x000001c7501eac18 relative=0x00000000000054f8
Event: 81.642 Thread 0x000001c7600a8000 Uncommon trap: reason=unstable_if action=reinterpret pc=0x000001c7501eac18 method=org.gradle.cache.internal.DefaultCrossBuildInMemoryCacheFactory$AbstractCrossBuildInMemoryCache.getIfPresentWithoutLock(Ljava/lang/Object;)Ljava/lang/Object; @ 24 c2
Event: 81.642 Thread 0x000001c7600a8000 DEOPT PACKING pc=0x000001c7501eac18 sp=0x0000001851df8c20
Event: 81.642 Thread 0x000001c7600a8000 DEOPT UNPACKING pc=0x000001c747faa1af sp=0x0000001851df89e8 mode 2
Event: 81.679 Thread 0x000001c7600a8000 Uncommon trap: trap_request=0xffffffc6 fr.pc=0x000001c750015c5c relative=0x00000000000007fc
Event: 81.679 Thread 0x000001c7600a8000 Uncommon trap: reason=bimorphic_or_optimized_type_check action=maybe_recompile pc=0x000001c750015c5c method=org.gradle.internal.operations.DefaultBuildOperationListenerManager$ProgressShieldingBuildOperationListener.finished(Lorg/gradle/internal/operation
Event: 81.679 Thread 0x000001c7600a8000 DEOPT PACKING pc=0x000001c750015c5c sp=0x0000001851dfa7c0
Event: 81.679 Thread 0x000001c7600a8000 DEOPT UNPACKING pc=0x000001c747faa1af sp=0x0000001851dfa788 mode 2
Event: 81.681 Thread 0x000001c7600a8000 Uncommon trap: trap_request=0xffffffc6 fr.pc=0x000001c750015c5c relative=0x00000000000007fc
Event: 81.681 Thread 0x000001c7600a8000 Uncommon trap: reason=bimorphic_or_optimized_type_check action=maybe_recompile pc=0x000001c750015c5c method=org.gradle.internal.operations.DefaultBuildOperationListenerManager$ProgressShieldingBuildOperationListener.finished(Lorg/gradle/internal/operation
Event: 81.682 Thread 0x000001c7600a8000 DEOPT PACKING pc=0x000001c750015c5c sp=0x0000001851df9aa0
Event: 81.682 Thread 0x000001c7600a8000 DEOPT UNPACKING pc=0x000001c747faa1af sp=0x0000001851df9a68 mode 2
Event: 81.683 Thread 0x000001c7600a8000 Uncommon trap: trap_request=0xffffffc6 fr.pc=0x000001c750015c5c relative=0x00000000000007fc
Event: 81.683 Thread 0x000001c7600a8000 Uncommon trap: reason=bimorphic_or_optimized_type_check action=maybe_recompile pc=0x000001c750015c5c method=org.gradle.internal.operations.DefaultBuildOperationListenerManager$ProgressShieldingBuildOperationListener.finished(Lorg/gradle/internal/operation
Event: 81.683 Thread 0x000001c7600a8000 DEOPT PACKING pc=0x000001c750015c5c sp=0x0000001851dfafc0
Event: 81.683 Thread 0x000001c7600a8000 DEOPT UNPACKING pc=0x000001c747faa1af sp=0x0000001851dfaf88 mode 2

Classes redefined (0 events):
No events

Internal exceptions (20 events):
Event: 41.928 Thread 0x000001c768edd000 Exception <a 'java/lang/NoSuchMethodError'{0x000000008aa605c8}: <clinit>> (0x000000008aa605c8) thrown at [./src/hotspot/share/prims/jni.cpp, line 1365]
Event: 41.929 Thread 0x000001c768edd000 Exception <a 'java/lang/NoSuchMethodError'{0x000000008aa6c420}: <clinit>> (0x000000008aa6c420) thrown at [./src/hotspot/share/prims/jni.cpp, line 1365]
Event: 41.930 Thread 0x000001c768edd000 Exception <a 'java/lang/NoSuchMethodError'{0x000000008aa79240}: <clinit>> (0x000000008aa79240) thrown at [./src/hotspot/share/prims/jni.cpp, line 1365]
Event: 41.937 Thread 0x000001c768edd000 Exception <a 'java/lang/NoSuchMethodError'{0x000000008aa922b8}: <clinit>> (0x000000008aa922b8) thrown at [./src/hotspot/share/prims/jni.cpp, line 1365]
Event: 41.968 Thread 0x000001c768edd000 Exception <a 'java/lang/NoSuchMethodError'{0x000000008a9cf270}: <clinit>> (0x000000008a9cf270) thrown at [./src/hotspot/share/prims/jni.cpp, line 1365]
Event: 42.133 Thread 0x000001c768ee7800 Exception <a 'java/lang/NoSuchMethodError'{0x000000008a798538}: 'java.lang.Object java.lang.invoke.DirectMethodHandle$Holder.invokeStatic(java.lang.Object, java.lang.Object, java.lang.Object, java.lang.Object, java.lang.Object, java.lang.Object, java.lang.Object, java.lang.Object, java.lang.Object, java.lang.Object, java.lang.Object, java.lang.Object, java.lang.Object, int)'> (0x000000008a798538) thrown at [./src/hotspot/share/interpreter/linkResolver.cpp, line 773]
Event: 42.140 Thread 0x000001c768ee7800 Exception <a 'java/lang/NoSuchMethodError'{0x000000008a7a5588}: 'java.lang.Object java.lang.invoke.DirectMethodHandle$Holder.invokeStatic(java.lang.Object, java.lang.Object, java.lang.Object, java.lang.Object, java.lang.Object, java.lang.Object, java.lang.Object, java.lang.Object, java.lang.Object, java.lang.Object, java.lang.Object, java.lang.Object, java.lang.Object, int, int)'> (0x000000008a7a5588) thrown at [./src/hotspot/share/interpreter/linkResolver.cpp, line 773]
Event: 50.706 Thread 0x000001c768ee0000 Exception <a 'sun/nio/fs/WindowsException'{0x000000008d3baa08}> (0x000000008d3baa08) thrown at [./src/hotspot/share/prims/jni.cpp, line 615]
Event: 50.713 Thread 0x000001c768ee0000 Implicit null exception at 0x000001c75014ae97 to 0x000001c75014ec40
Event: 50.785 Thread 0x000001c768ee0000 Exception <a 'java/lang/NoSuchMethodError'{0x000000008d2758f0}: 'java.lang.Object java.lang.invoke.DirectMethodHandle$Holder.invokeStatic(java.lang.Object, java.lang.Object, java.lang.Object, java.lang.Object, java.lang.Object, int, java.lang.Object)'> (0x000000008d2758f0) thrown at [./src/hotspot/share/interpreter/linkResolver.cpp, line 773]
Event: 50.847 Thread 0x000001c768ee0000 Exception <a 'java/lang/NoSuchMethodError'{0x000000008ce858e8}: 'java.lang.Object java.lang.invoke.DirectMethodHandle$Holder.invokeSpecial(java.lang.Object, java.lang.Object, java.lang.Object, java.lang.Object, java.lang.Object, java.lang.Object, java.lang.Object, int, java.lang.Object)'> (0x000000008ce858e8) thrown at [./src/hotspot/share/interpreter/linkResolver.cpp, line 773]
Event: 50.848 Thread 0x000001c768ee0000 Exception <a 'java/lang/NoSuchMethodError'{0x000000008ce8f318}: 'java.lang.Object java.lang.invoke.DirectMethodHandle$Holder.invokeStatic(java.lang.Object, java.lang.Object, java.lang.Object, java.lang.Object, java.lang.Object, java.lang.Object, java.lang.Object, int)'> (0x000000008ce8f318) thrown at [./src/hotspot/share/interpreter/linkResolver.cpp, line 773]
Event: 50.848 Thread 0x000001c768ee0000 Exception <a 'java/lang/NoSuchMethodError'{0x000000008ce93d10}: 'java.lang.Object java.lang.invoke.DirectMethodHandle$Holder.invokeSpecial(java.lang.Object, java.lang.Object, java.lang.Object, java.lang.Object, java.lang.Object, java.lang.Object, java.lang.Object, java.lang.Object, int)'> (0x000000008ce93d10) thrown at [./src/hotspot/share/interpreter/linkResolver.cpp, line 773]
Event: 50.850 Thread 0x000001c768ee0000 Exception <a 'java/lang/NoSuchMethodError'{0x000000008ce97608}: 'java.lang.Object java.lang.invoke.Invokers$Holder.linkToTargetMethod(java.lang.Object, java.lang.Object, java.lang.Object, java.lang.Object, java.lang.Object, java.lang.Object, int, java.lang.Object)'> (0x000000008ce97608) thrown at [./src/hotspot/share/interpreter/linkResolver.cpp, line 773]
Event: 51.373 Thread 0x000001c768ee0000 Implicit null exception at 0x000001c74fbd60eb to 0x000001c74fbd610c
Event: 51.679 Thread 0x000001c7600a8000 Exception <a 'sun/nio/fs/WindowsException'{0x000000008da36d58}> (0x000000008da36d58) thrown at [./src/hotspot/share/prims/jni.cpp, line 615]
Event: 51.679 Thread 0x000001c7600a8000 Exception <a 'sun/nio/fs/WindowsException'{0x000000008da36ec0}> (0x000000008da36ec0) thrown at [./src/hotspot/share/prims/jni.cpp, line 615]
Event: 51.680 Thread 0x000001c7600a8000 Exception <a 'sun/nio/fs/WindowsException'{0x000000008da38868}> (0x000000008da38868) thrown at [./src/hotspot/share/prims/jni.cpp, line 615]
Event: 51.775 Thread 0x000001c7600a8000 Exception <a 'java/lang/NoSuchMethodError'{0x000000008d8a6ab0}: 'java.lang.Object java.lang.invoke.DirectMethodHandle$Holder.invokeSpecial(java.lang.Object, java.lang.Object, java.lang.Object, java.lang.Object, int, java.lang.Object, java.lang.Object)'> (0x000000008d8a6ab0) thrown at [./src/hotspot/share/interpreter/linkResolver.cpp, line 773]
Event: 51.843 Thread 0x000001c7600a8000 Implicit null exception at 0x000001c750052c2f to 0x000001c750052c7c

Events (20 events):
Event: 71.870 Executing VM operation: RevokeBias
Event: 71.871 Executing VM operation: RevokeBias done
Event: 71.871 Executing VM operation: RevokeBias
Event: 71.871 Executing VM operation: RevokeBias done
Event: 71.932 Executing VM operation: RevokeBias
Event: 71.932 Executing VM operation: RevokeBias done
Event: 71.932 Executing VM operation: RevokeBias
Event: 71.932 Executing VM operation: RevokeBias done
Event: 81.530 Thread 0x000001c761e2c000 Thread added: 0x000001c761e2c000
Event: 81.536 Thread 0x000001c761e2e800 Thread added: 0x000001c761e2e800
Event: 81.548 Thread 0x000001c761e2e000 Thread added: 0x000001c761e2e000
Event: 81.550 Thread 0x000001c761e2b800 Thread added: 0x000001c761e2b800
Event: 81.552 Thread 0x000001c761e31000 Thread added: 0x000001c761e31000
Event: 81.563 Thread 0x000001c761e2f800 Thread added: 0x000001c761e2f800
Event: 81.580 loading class org/gradle/internal/watch/vfs/impl/WatchingVirtualFileSystem
Event: 81.580 loading class org/gradle/internal/watch/vfs/impl/WatchingVirtualFileSystem done
Event: 81.623 Thread 0x000001c761e30000 Thread added: 0x000001c761e30000
Event: 81.636 Thread 0x000001c761e32000 Thread added: 0x000001c761e32000
Event: 81.647 Thread 0x000001c761e32800 Thread added: 0x000001c761e32800
Event: 81.691 Thread 0x000001c761e2d000 Thread added: 0x000001c761e2d000


Dynamic libraries:
0x00007ff6b7930000 - 0x00007ff6b793a000 	C:\Program Files\Android\Android Studio\jre\bin\java.exe
0x00007fff0e270000 - 0x00007fff0e468000 	C:\WINDOWS\SYSTEM32\ntdll.dll
0x00007fff0db40000 - 0x00007fff0dbfd000 	C:\WINDOWS\System32\KERNEL32.DLL
0x00007fff0bbf0000 - 0x00007fff0bec2000 	C:\WINDOWS\System32\KERNELBASE.dll
0x00007fff0c080000 - 0x00007fff0c180000 	C:\WINDOWS\System32\ucrtbase.dll
0x00007ffefca80000 - 0x00007ffefca97000 	C:\Program Files\Android\Android Studio\jre\bin\VCRUNTIME140.dll
0x00007ffefca60000 - 0x00007ffefca79000 	C:\Program Files\Android\Android Studio\jre\bin\jli.dll
0x00007fff0c440000 - 0x00007fff0c5dd000 	C:\WINDOWS\System32\USER32.dll
0x00007ffefadd0000 - 0x00007ffefb06a000 	C:\WINDOWS\WinSxS\amd64_microsoft.windows.common-controls_6595b64144ccf1df_6.0.19041.1110_none_60b5254171f9507e\COMCTL32.dll
0x00007fff0bb90000 - 0x00007fff0bbb2000 	C:\WINDOWS\System32\win32u.dll
0x00007fff0c5f0000 - 0x00007fff0c68e000 	C:\WINDOWS\System32\msvcrt.dll
0x00007fff0c410000 - 0x00007fff0c43b000 	C:\WINDOWS\System32\GDI32.dll
0x00007fff0b9f0000 - 0x00007fff0baff000 	C:\WINDOWS\System32\gdi32full.dll
0x00007fff0c230000 - 0x00007fff0c2cd000 	C:\WINDOWS\System32\msvcp_win.dll
0x00007fff0c2d0000 - 0x00007fff0c300000 	C:\WINDOWS\System32\IMM32.DLL
0x00007ffee2f50000 - 0x00007ffee2fed000 	C:\Program Files\Android\Android Studio\jre\bin\msvcp140.dll
0x00007ffeb3a30000 - 0x00007ffeb4515000 	C:\Program Files\Android\Android Studio\jre\bin\server\jvm.dll
0x00007fff0da70000 - 0x00007fff0db1e000 	C:\WINDOWS\System32\ADVAPI32.dll
0x00007fff0d9d0000 - 0x00007fff0da6c000 	C:\WINDOWS\System32\sechost.dll
0x00007fff0c6a0000 - 0x00007fff0c7c5000 	C:\WINDOWS\System32\RPCRT4.dll
0x00007fff0ddb0000 - 0x00007fff0ddb8000 	C:\WINDOWS\System32\PSAPI.DLL
0x00007ffef4de0000 - 0x00007ffef4e07000 	C:\WINDOWS\SYSTEM32\WINMM.dll
0x00007fff022c0000 - 0x00007fff022ca000 	C:\WINDOWS\SYSTEM32\VERSION.dll
0x00007ffeff2a0000 - 0x00007ffeff2a9000 	C:\WINDOWS\SYSTEM32\WSOCK32.dll
0x00007fff0d960000 - 0x00007fff0d9cb000 	C:\WINDOWS\System32\ws2_32.DLL
0x00007fff09840000 - 0x00007fff09852000 	C:\WINDOWS\SYSTEM32\kernel.appcore.dll
0x00007ffeea9d0000 - 0x00007ffeea9e1000 	C:\Program Files\Android\Android Studio\jre\bin\verify.dll
0x00007fff05eb0000 - 0x00007fff06094000 	C:\WINDOWS\SYSTEM32\DBGHELP.DLL
0x00007fff05c80000 - 0x00007fff05cac000 	C:\WINDOWS\SYSTEM32\dbgcore.DLL
0x00007fff0bb00000 - 0x00007fff0bb82000 	C:\WINDOWS\System32\bcryptPrimitives.dll
0x00007ffee5e30000 - 0x00007ffee5e59000 	C:\Program Files\Android\Android Studio\jre\bin\java.dll
0x00007ffef72c0000 - 0x00007ffef72cb000 	C:\Program Files\Android\Android Studio\jre\bin\jimage.dll
0x00007ffee6a80000 - 0x00007ffee6a98000 	C:\Program Files\Android\Android Studio\jre\bin\zip.dll
0x00007fff0cb30000 - 0x00007fff0d273000 	C:\WINDOWS\System32\SHELL32.dll
0x00007fff09a40000 - 0x00007fff0a1d1000 	C:\WINDOWS\SYSTEM32\windows.storage.dll
0x00007fff0c7d0000 - 0x00007fff0cb24000 	C:\WINDOWS\System32\combase.dll
0x00007fff0b3e0000 - 0x00007fff0b410000 	C:\WINDOWS\SYSTEM32\Wldp.dll
0x00007fff0d4f0000 - 0x00007fff0d59d000 	C:\WINDOWS\System32\SHCORE.dll
0x00007fff0d5a0000 - 0x00007fff0d5f5000 	C:\WINDOWS\System32\shlwapi.dll
0x00007fff0b8c0000 - 0x00007fff0b8df000 	C:\WINDOWS\SYSTEM32\profapi.dll
0x00007ffee68c0000 - 0x00007ffee68da000 	C:\Program Files\Android\Android Studio\jre\bin\net.dll
0x00007fff02470000 - 0x00007fff0257d000 	C:\WINDOWS\SYSTEM32\WINHTTP.dll
0x00007fff0b140000 - 0x00007fff0b1aa000 	C:\WINDOWS\system32\mswsock.dll
0x00007ffee51a0000 - 0x00007ffee51b4000 	C:\Program Files\Android\Android Studio\jre\bin\nio.dll
0x00007ffeffbf0000 - 0x00007ffeffc17000 	C:\Users\PC\.gradle\native\e1d6ef7f7dcc3fd88c89a11ec53ec762bb8ba0a96d01ffa2cd45eb1d1d8dd5c5\windows-amd64\native-platform.dll
0x00007ffee1330000 - 0x00007ffee1474000 	C:\Users\PC\.gradle\native\5664cfc778a61ccfe75a443a1ab52a65af34e5dc3c78e0209fed803814484fcb\windows-amd64\native-platform-file-events.dll
0x00007ffef16c0000 - 0x00007ffef16ca000 	C:\Program Files\Android\Android Studio\jre\bin\management.dll
0x00007ffeef160000 - 0x00007ffeef16d000 	C:\Program Files\Android\Android Studio\jre\bin\management_ext.dll
0x00007fff0b330000 - 0x00007fff0b348000 	C:\WINDOWS\SYSTEM32\CRYPTSP.dll
0x00007fff0a9f0000 - 0x00007fff0aa24000 	C:\WINDOWS\system32\rsaenh.dll
0x00007fff0bbc0000 - 0x00007fff0bbe7000 	C:\WINDOWS\System32\bcrypt.dll
0x00007fff0b840000 - 0x00007fff0b86e000 	C:\WINDOWS\SYSTEM32\USERENV.dll
0x00007fff0b350000 - 0x00007fff0b35c000 	C:\WINDOWS\SYSTEM32\CRYPTBASE.dll
0x00007fff0ade0000 - 0x00007fff0ae1b000 	C:\WINDOWS\SYSTEM32\IPHLPAPI.DLL
0x00007fff0c5e0000 - 0x00007fff0c5e8000 	C:\WINDOWS\System32\NSI.dll
0x00007fff043e0000 - 0x00007fff043f7000 	C:\WINDOWS\SYSTEM32\dhcpcsvc6.DLL
0x00007fff04320000 - 0x00007fff0433d000 	C:\WINDOWS\SYSTEM32\dhcpcsvc.DLL
0x00007fff0ae30000 - 0x00007fff0aefa000 	C:\WINDOWS\SYSTEM32\DNSAPI.dll
0x00007fff0ab10000 - 0x00007fff0ab43000 	C:\WINDOWS\SYSTEM32\ntmarta.dll
0x00007fff06660000 - 0x00007fff0667e000 	C:\Users\PC\AppData\Local\Temp\native-platform6808023648816205310dir\native-platform.dll
0x00007fff06910000 - 0x00007fff06918000 	C:\Program Files\Android\Android Studio\jre\bin\rmi.dll
0x00007ffee0a50000 - 0x00007ffee0a77000 	C:\Program Files\Android\Android Studio\jre\bin\sunec.dll

dbghelp: loaded successfully - version: 4.0.5 - missing functions: none
symbol engine: initialized successfully - sym options: 0x614 - pdb path: .;C:\Program Files\Android\Android Studio\jre\bin;C:\WINDOWS\SYSTEM32;C:\WINDOWS\WinSxS\amd64_microsoft.windows.common-controls_6595b64144ccf1df_6.0.19041.1110_none_60b5254171f9507e;C:\Program Files\Android\Android Studio\jre\bin\server;C:\Users\PC\.gradle\native\e1d6ef7f7dcc3fd88c89a11ec53ec762bb8ba0a96d01ffa2cd45eb1d1d8dd5c5\windows-amd64;C:\Users\PC\.gradle\native\5664cfc778a61ccfe75a443a1ab52a65af34e5dc3c78e0209fed803814484fcb\windows-amd64;C:\Users\PC\AppData\Local\Temp\native-platform6808023648816205310dir

VM Arguments:
jvm_args: --add-opens=java.base/java.util=ALL-UNNAMED --add-opens=java.base/java.lang=ALL-UNNAMED --add-opens=java.base/java.lang.invoke=ALL-UNNAMED --add-opens=java.base/java.util=ALL-UNNAMED --add-opens=java.prefs/java.util.prefs=ALL-UNNAMED --add-opens=java.prefs/java.util.prefs=ALL-UNNAMED --add-opens=java.base/java.nio.charset=ALL-UNNAMED --add-opens=java.base/java.net=ALL-UNNAMED --add-opens=java.base/java.util.concurrent.atomic=ALL-UNNAMED -Xmx2048m -Dfile.encoding=UTF-8 -Duser.country=US -Duser.language=en -Duser.variant 
java_command: org.gradle.launcher.daemon.bootstrap.GradleDaemon 7.3.3
java_class_path (initial): C:\Users\PC\.gradle\wrapper\dists\gradle-7.3.3-bin\6a41zxkdtcxs8rphpq6y0069z\gradle-7.3.3\lib\gradle-launcher-7.3.3.jar
Launcher Type: SUN_STANDARD

[Global flags]
     intx CICompilerCount                          = 3                                         {product} {ergonomic}
     uint ConcGCThreads                            = 1                                         {product} {ergonomic}
     uint G1ConcRefinementThreads                  = 4                                         {product} {ergonomic}
   size_t G1HeapRegionSize                         = 1048576                                   {product} {ergonomic}
    uintx GCDrainStackTargetSize                   = 64                                        {product} {ergonomic}
   size_t InitialHeapSize                          = 134217728                                 {product} {ergonomic}
   size_t MarkStackSize                            = 4194304                                   {product} {ergonomic}
   size_t MaxHeapSize                              = 2147483648                                {product} {command line}
   size_t MaxNewSize                               = 1287651328                                {product} {ergonomic}
   size_t MinHeapDeltaBytes                        = 1048576                                   {product} {ergonomic}
    uintx NonNMethodCodeHeapSize                   = 5830732                                {pd product} {ergonomic}
    uintx NonProfiledCodeHeapSize                  = 122913754                              {pd product} {ergonomic}
    uintx ProfiledCodeHeapSize                     = 122913754                              {pd product} {ergonomic}
    uintx ReservedCodeCacheSize                    = 251658240                              {pd product} {ergonomic}
     bool SegmentedCodeCache                       = true                                      {product} {ergonomic}
     bool UseCompressedClassPointers               = true                                 {lp64_product} {ergonomic}
     bool UseCompressedOops                        = true                                 {lp64_product} {ergonomic}
     bool UseG1GC                                  = true                                      {product} {ergonomic}
     bool UseLargePagesIndividualAllocation        = false                                  {pd product} {ergonomic}

Logging:
Log output configuration:
 #0: stdout all=warning uptime,level,tags
 #1: stderr all=off uptime,level,tags

Environment Variables:
PATH=C:\Program Files (x86)\NVIDIA Corporation\PhysX\Common;C:\Program Files\Common Files\Oracle\Java\javapath;C:\Windows\system32;C:\Windows;C:\Windows\System32\Wbem;C:\Windows\System32\WindowsPowerShell\v1.0\;C:\Windows\System32\OpenSSH\;C:\Program Files\Microsoft SQL Server\130\Tools\Binn\;C:\WINDOWS\system32;C:\WINDOWS;C:\WINDOWS\System32\Wbem;C:\WINDOWS\System32\WindowsPowerShell\v1.0\;C:\WINDOWS\System32\OpenSSH\;C:\Program Files\Git\cmd;C:\Program Files\Microsoft\Web Platform Installer\;C:\Program Files\Microsoft SQL Server\110\Tools\Binn\;C:\Program Files\Microsoft SQL Server\Client SDK\ODBC\170\Tools\Binn\;C:\Program Files (x86)\Microsoft SQL Server\150\Tools\Binn\;C:\Program Files\Microsoft SQL Server\150\Tools\Binn\;C:\Program Files\Microsoft SQL Server\150\DTS\Binn\;E:\InkSpace\Inkscape\bin;C:\Program Files\MySQL\MySQL Shell 8.0\bin\;C:\Users\PC\AppData\Local\Microsoft\WindowsApps;C:\Program Files\Azure Data Studio\bin;C:\Users\PC\AppData\Local\GitHubDesktop\bin
USERNAME=PC
OS=Windows_NT
PROCESSOR_IDENTIFIER=Intel64 Family 6 Model 69 Stepping 1, GenuineIntel



---------------  S Y S T E M  ---------------

OS: Windows 10 , 64 bit Build 19041 (10.0.19041.1889)
OS uptime: 7 days 18:14 hours

CPU:total 4 (initial active 4) (2 cores per cpu, 2 threads per core) family 6 model 69 stepping 1 microcode 0x26, cmov, cx8, fxsr, mmx, sse, sse2, sse3, ssse3, sse4.1, sse4.2, popcnt, avx, avx2, aes, clmul, erms, lzcnt, ht, tsc, tscinvbit, bmi1, bmi2, fma

Memory: 4k page, system-wide physical 8089M (176M free)
TotalPageFile size 20531M (AvailPageFile size 4M)
current process WorkingSet (physical memory assigned to process): 433M, peak: 519M
current process commit charge ("private bytes"): 519M, peak: 547M

vm_info: OpenJDK 64-Bit Server VM (11.0.12+7-b1504.28-7817840) for windows-amd64 JRE (11.0.12+7-b1504.28-7817840), built on Oct 13 2021 22:12:33 by "builder" with MS VC++ 14.0 (VS2015)

END.
